2011.05.13 14:45 A C:\Documents and Settings\dlg8647\My Documents\! BPA EMTP Code\COMPILE.COM <-- Danl DISK10:[EOHCDLG.BPA_EMTP_CODE] COMPILE.COM;13
2011.05.13 14:45 A C:\Documents and Settings\dlg8647\My Documents\! BPA EMTP Code\COPY.COM <-- Danl DISK10:[EOHCDLG.BPA_EMTP_CODE] COPY.COM;2
2011.05.13 14:45 A C:\Documents and Settings\dlg8647\My Documents\! BPA EMTP Code\LINK.COM <-- Danl DISK10:[EOHCDLG.BPA_EMTP_CODE] LINK.COM;3
2011.05.13 14:45 A C:\Documents and Settings\dlg8647\My Documents\! BPA EMTP Code\VARDIM.COM <-- Danl DISK10:[EOHCDLG.BPA_EMTP_CODE] VARDIM.COM;5
2011.05.13 14:45 A C:\Documents and Settings\dlg8647\My Documents\! BPA EMTP Code\LISTSIZES.DAT <-- Danl DISK10:[EOHCDLG.BPA_EMTP_CODE] LISTSIZES.DAT;1
2011.05.13 14:45 A C:\Documents and Settings\dlg8647\My Documents\! BPA EMTP Code\NEWMODS.FOR <-- Danl DISK10:[EOHCDLG.BPA_EMTP_CODE] NEWMODS.FOR;1
2011.05.13 14:45 A C:\Documents and Settings\dlg8647\My Documents\! BPA EMTP Code\INLMFS.FOR <-- Danl DISK10:[EOHCDLG.BPA_EMTP_CODE] INLMFS.FOR;11
2011.05.13 14:45 A C:\Documents and Settings\dlg8647\My Documents\! BPA EMTP Code\DATAIN.FOR <-- Danl DISK10:[EOHCDLG.BPA_EMTP_CODE] DATAIN.FOR;15
2011.05.13 14:45 A C:\Documents and Settings\dlg8647\My Documents\! BPA EMTP Code\CALCOM.FOR <-- Danl DISK10:[EOHCDLG.BPA_EMTP_CODE] CALCOM.FOR;2
2011.05.13 14:45 A C:\Documents and Settings\dlg8647\My Documents\! BPA EMTP Code\DATE44.FOR <-- Danl DISK10:[EOHCDLG.BPA_EMTP_CODE] DATE44.FOR;2
2011.05.13 14:45 A C:\Documents and Settings\dlg8647\My Documents\! BPA EMTP Code\TIME44.FOR <-- Danl DISK10:[EOHCDLG.BPA_EMTP_CODE] TIME44.FOR;2
2011.05.13 14:45 A C:\Documents and Settings\dlg8647\My Documents\! BPA EMTP Code\DECK10.FOR <-- Danl DISK10:[EOHCDLG.BPA_EMTP_CODE] DECK10.FOR;62
2011.05.13 14:45 A C:\Documents and Settings\dlg8647\My Documents\! BPA EMTP Code\DECK29.FOR <-- Danl DISK10:[EOHCDLG.BPA_EMTP_CODE] DECK29.FOR;62
2011.05.13 14:45 A C:\Documents and Settings\dlg8647\My Documents\! BPA EMTP Code\DECK31.FOR <-- Danl DISK10:[EOHCDLG.BPA_EMTP_CODE] DECK31.FOR;62
2011.05.13 14:45 A C:\Documents and Settings\dlg8647\My Documents\! BPA EMTP Code\DECK39.FOR <-- Danl DISK10:[EOHCDLG.BPA_EMTP_CODE] DECK39.FOR;62
2011.05.13 14:45 A C:\Documents and Settings\dlg8647\My Documents\! BPA EMTP Code\DECK44.FOR <-- Danl DISK10:[EOHCDLG.BPA_EMTP_CODE] DECK44.FOR;62
2011.05.13 14:45 A C:\Documents and Settings\dlg8647\My Documents\! BPA EMTP Code\DECK45.FOR <-- Danl DISK10:[EOHCDLG.BPA_EMTP_CODE] DECK45.FOR;62
2011.05.13 14:45 A C:\Documents and Settings\dlg8647\My Documents\! BPA EMTP Code\DECK47.FOR <-- Danl DISK10:[EOHCDLG.BPA_EMTP_CODE] DECK47.FOR;62
2011.05.13 14:45 A C:\Documents and Settings\dlg8647\My Documents\! BPA EMTP Code\DEKPLT.FOR <-- Danl DISK10:[EOHCDLG.BPA_EMTP_CODE] DEKPLT.FOR;62
2011.05.13 14:45 A C:\Documents and Settings\dlg8647\My Documents\! BPA EMTP Code\DEKSPY.FOR <-- Danl DISK10:[EOHCDLG.BPA_EMTP_CODE] DEKSPY.FOR;62
2011.05.13 14:45 A C:\Documents and Settings\dlg8647\My Documents\! BPA EMTP Code\FIXCOM.FOR <-- Danl DISK10:[EOHCDLG.BPA_EMTP_CODE] FIXCOM.FOR;62
2011.05.13 14:45 A C:\Documents and Settings\dlg8647\My Documents\! BPA EMTP Code\LABCOM.FOR <-- Danl DISK10:[EOHCDLG.BPA_EMTP_CODE] LABCOM.FOR;62
2011.05.13 14:45 A C:\Documents and Settings\dlg8647\My Documents\! BPA EMTP Code\LABL02.FOR <-- Danl DISK10:[EOHCDLG.BPA_EMTP_CODE] LABL02.FOR;62
2011.05.13 14:45 A C:\Documents and Settings\dlg8647\My Documents\! BPA EMTP Code\LABL29.FOR <-- Danl DISK10:[EOHCDLG.BPA_EMTP_CODE] LABL29.FOR;62
2011.05.13 14:45 A C:\Documents and Settings\dlg8647\My Documents\! BPA EMTP Code\LABL39.FOR <-- Danl DISK10:[EOHCDLG.BPA_EMTP_CODE] LABL39.FOR;62
2011.05.13 14:45 A C:\Documents and Settings\dlg8647\My Documents\! BPA EMTP Code\LABL44.FOR <-- Danl DISK10:[EOHCDLG.BPA_EMTP_CODE] LABL44.FOR;62
2011.05.13 14:45 A C:\Documents and Settings\dlg8647\My Documents\! BPA EMTP Code\LABL45.FOR <-- Danl DISK10:[EOHCDLG.BPA_EMTP_CODE] LABL45.FOR;62
2011.05.13 14:45 A C:\Documents and Settings\dlg8647\My Documents\! BPA EMTP Code\LABL47.FOR <-- Danl DISK10:[EOHCDLG.BPA_EMTP_CODE] LABL47.FOR;62
2011.05.13 14:45 A C:\Documents and Settings\dlg8647\My Documents\! BPA EMTP Code\OVER10.FOR <-- Danl DISK10:[EOHCDLG.BPA_EMTP_CODE] OVER10.FOR;62
2011.05.13 14:45 A C:\Documents and Settings\dlg8647\My Documents\! BPA EMTP Code\OVER31.FOR <-- Danl DISK10:[EOHCDLG.BPA_EMTP_CODE] OVER31.FOR;62
2011.05.13 14:45 A C:\Documents and Settings\dlg8647\My Documents\! BPA EMTP Code\OVER41.FOR <-- Danl DISK10:[EOHCDLG.BPA_EMTP_CODE] OVER41.FOR;62
2011.05.13 14:45 A C:\Documents and Settings\dlg8647\My Documents\! BPA EMTP Code\OVER42.FOR <-- Danl DISK10:[EOHCDLG.BPA_EMTP_CODE] OVER42.FOR;62
2011.05.13 14:45 A C:\Documents and Settings\dlg8647\My Documents\! BPA EMTP Code\OVER45.FOR <-- Danl DISK10:[EOHCDLG.BPA_EMTP_CODE] OVER45.FOR;62
2011.05.13 14:45 A C:\Documents and Settings\dlg8647\My Documents\! BPA EMTP Code\OVER47.FOR <-- Danl DISK10:[EOHCDLG.BPA_EMTP_CODE] OVER47.FOR;62
2011.05.13 14:45 A C:\Documents and Settings\dlg8647\My Documents\! BPA EMTP Code\OVER51.FOR <-- Danl DISK10:[EOHCDLG.BPA_EMTP_CODE] OVER51.FOR;62
2011.05.13 14:45 A C:\Documents and Settings\dlg8647\My Documents\! BPA EMTP Code\OVER52.FOR <-- Danl DISK10:[EOHCDLG.BPA_EMTP_CODE] OVER52.FOR;62
2011.05.13 14:45 A C:\Documents and Settings\dlg8647\My Documents\! BPA EMTP Code\OVER53.FOR <-- Danl DISK10:[EOHCDLG.BPA_EMTP_CODE] OVER53.FOR;62
2011.05.13 14:45 A C:\Documents and Settings\dlg8647\My Documents\! BPA EMTP Code\OVER54.FOR <-- Danl DISK10:[EOHCDLG.BPA_EMTP_CODE] OVER54.FOR;62
2011.05.13 14:45 A C:\Documents and Settings\dlg8647\My Documents\! BPA EMTP Code\OVER7.FOR <-- Danl DISK10:[EOHCDLG.BPA_EMTP_CODE] OVER7.FOR;62
2011.05.13 14:45 A C:\Documents and Settings\dlg8647\My Documents\! BPA EMTP Code\OVER9.FOR <-- Danl DISK10:[EOHCDLG.BPA_EMTP_CODE] OVER9.FOR;62
2011.05.13 14:45 A C:\Documents and Settings\dlg8647\My Documents\! BPA EMTP Code\SPACE1.FOR <-- Danl DISK10:[EOHCDLG.BPA_EMTP_CODE] SPACE1.FOR;62
2011.05.13 14:45 A C:\Documents and Settings\dlg8647\My Documents\! BPA EMTP Code\SPACE2.FOR <-- Danl DISK10:[EOHCDLG.BPA_EMTP_CODE] SPACE2.FOR;62
2011.05.13 14:45 A C:\Documents and Settings\dlg8647\My Documents\! BPA EMTP Code\SYNCOM.FOR <-- Danl DISK10:[EOHCDLG.BPA_EMTP_CODE] SYNCOM.FOR;62
2011.05.13 14:45 A C:\Documents and Settings\dlg8647\My Documents\! BPA EMTP Code\SYNMAC.FOR <-- Danl DISK10:[EOHCDLG.BPA_EMTP_CODE] SYNMAC.FOR;62
2011.05.13 14:45 A C:\Documents and Settings\dlg8647\My Documents\! BPA EMTP Code\TACSAR.FOR <-- Danl DISK10:[EOHCDLG.BPA_EMTP_CODE] TACSAR.FOR;62
2011.05.13 14:45 A C:\Documents and Settings\dlg8647\My Documents\! BPA EMTP Code\UMDECK.FOR <-- Danl DISK10:[EOHCDLG.BPA_EMTP_CODE] UMDECK.FOR;62
2011.05.13 14:45 A C:\Documents and Settings\dlg8647\My Documents\! BPA EMTP Code\VARDIM.FOR <-- Danl DISK10:[EOHCDLG.BPA_EMTP_CODE] VARDIM.FOR;62
2011.05.13 14:45 A C:\Documents and Settings\dlg8647\My Documents\! BPA EMTP Code\VOLT45.FOR <-- Danl DISK10:[EOHCDLG.BPA_EMTP_CODE] VOLT45.FOR;62
2011.05.13 14:45 A C:\Documents and Settings\dlg8647\My Documents\! BPA EMTP Code\OVER55.FOR <-- Danl DISK10:[EOHCDLG.BPA_EMTP_CODE] OVER55.FOR;63
2011.05.13 14:45 A C:\Documents and Settings\dlg8647\My Documents\! BPA EMTP Code\OVER6.FOR <-- Danl DISK10:[EOHCDLG.BPA_EMTP_CODE] OVER6.FOR;63
2011.05.13 14:45 A C:\Documents and Settings\dlg8647\My Documents\! BPA EMTP Code\MAIN10.FOR <-- Danl DISK10:[EOHCDLG.BPA_EMTP_CODE] MAIN10.FOR;64
2011.05.13 14:45 A C:\Documents and Settings\dlg8647\My Documents\! BPA EMTP Code\OVER29.FOR <-- Danl DISK10:[EOHCDLG.BPA_EMTP_CODE] OVER29.FOR;64
2011.05.13 14:45 A C:\Documents and Settings\dlg8647\My Documents\! BPA EMTP Code\BLKCOM.FOR <-- Danl DISK10:[EOHCDLG.BPA_EMTP_CODE] BLKCOM.FOR;65
2011.05.13 14:45 A C:\Documents and Settings\dlg8647\My Documents\! BPA EMTP Code\OVER5.FOR <-- Danl DISK10:[EOHCDLG.BPA_EMTP_CODE] OVER5.FOR;65
2011.05.13 14:45 A C:\Documents and Settings\dlg8647\My Documents\! BPA EMTP Code\OVER14.FOR <-- Danl DISK10:[EOHCDLG.BPA_EMTP_CODE] OVER14.FOR;66
2011.05.13 14:45 A C:\Documents and Settings\dlg8647\My Documents\! BPA EMTP Code\OVER39.FOR <-- Danl DISK10:[EOHCDLG.BPA_EMTP_CODE] OVER39.FOR;66
2011.05.13 14:45 A C:\Documents and Settings\dlg8647\My Documents\! BPA EMTP Code\MAIN00.FOR <-- Danl DISK10:[EOHCDLG.BPA_EMTP_CODE] MAIN00.FOR;67
2011.05.13 14:45 A C:\Documents and Settings\dlg8647\My Documents\! BPA EMTP Code\OVER15.FOR <-- Danl DISK10:[EOHCDLG.BPA_EMTP_CODE] OVER15.FOR;67
2011.05.13 14:45 A C:\Documents and Settings\dlg8647\My Documents\! BPA EMTP Code\OVER20.FOR <-- Danl DISK10:[EOHCDLG.BPA_EMTP_CODE] OVER20.FOR;67
2011.05.13 14:45 A C:\Documents and Settings\dlg8647\My Documents\! BPA EMTP Code\OVER1.FOR <-- Danl DISK10:[EOHCDLG.BPA_EMTP_CODE] OVER1.FOR;68
2011.05.13 14:45 A C:\Documents and Settings\dlg8647\My Documents\! BPA EMTP Code\OVER13.FOR <-- Danl DISK10:[EOHCDLG.BPA_EMTP_CODE] OVER13.FOR;69
2011.05.13 14:45 A C:\Documents and Settings\dlg8647\My Documents\! BPA EMTP Code\OVER12.FOR <-- Danl DISK10:[EOHCDLG.BPA_EMTP_CODE] OVER12.FOR;73
2011.05.13 14:45 A C:\Documents and Settings\dlg8647\My Documents\! BPA EMTP Code\OVER16.FOR <-- Danl DISK10:[EOHCDLG.BPA_EMTP_CODE] OVER16.FOR;73
2011.05.13 14:45 A C:\Documents and Settings\dlg8647\My Documents\! BPA EMTP Code\OVER44.FOR <-- Danl DISK10:[EOHCDLG.BPA_EMTP_CODE] OVER44.FOR;76
2011.05.13 14:45 A C:\Documents and Settings\dlg8647\My Documents\! BPA EMTP Code\OVER8.FOR <-- Danl DISK10:[EOHCDLG.BPA_EMTP_CODE] OVER8.FOR;77
2011.05.13 14:45 A C:\Documents and Settings\dlg8647\My Documents\! BPA EMTP Code\OVER11.FOR <-- Danl DISK10:[EOHCDLG.BPA_EMTP_CODE] OVER11.FOR;78
2011.05.13 14:45 A C:\Documents and Settings\dlg8647\My Documents\! BPA EMTP Code\BLOCKDSPY.FOR <-- Danl DISK10:[EOHCDLG.BPA_EMTP_CODE] BLOCKDSPY.FOR;8
2011.05.13 14:45 A C:\Documents and Settings\dlg8647\My Documents\! BPA EMTP Code\OVER2.FOR <-- Danl DISK10:[EOHCDLG.BPA_EMTP_CODE] OVER2.FOR;91
2011.05.13 14:45 A C:\Documents and Settings\dlg8647\My Documents\! BPA EMTP Code\PUTIL2.FTN <-- Danl DISK10:[EOHCDLG.BPA_EMTP_CODE] PUTIL2.FTN;1
2011.05.13 14:45 A C:\Documents and Settings\dlg8647\My Documents\! BPA EMTP Code\BUILD1.FTN <-- Danl DISK10:[EOHCDLG.BPA_EMTP_CODE] BUILD1.FTN;2
2011.05.13 14:45 A C:\Documents and Settings\dlg8647\My Documents\! BPA EMTP Code\ERRSTP.FTN <-- Danl DISK10:[EOHCDLG.BPA_EMTP_CODE] ERRSTP.FTN;2
2011.05.13 14:45 A C:\Documents and Settings\dlg8647\My Documents\! BPA EMTP Code\PMODL.FTN <-- Danl DISK10:[EOHCDLG.BPA_EMTP_CODE] PMODL.FTN;2
2011.05.13 14:45 A C:\Documents and Settings\dlg8647\My Documents\! BPA EMTP Code\PUTIL1.FTN <-- Danl DISK10:[EOHCDLG.BPA_EMTP_CODE] PUTIL1.FTN;2
2011.05.13 14:45 A C:\Documents and Settings\dlg8647\My Documents\! BPA EMTP Code\STEP.FTN <-- Danl DISK10:[EOHCDLG.BPA_EMTP_CODE] STEP.FTN;2
2011.05.13 14:45 A C:\Documents and Settings\dlg8647\My Documents\! BPA EMTP Code\XREF1.FTN <-- Danl DISK10:[EOHCDLG.BPA_EMTP_CODE] XREF1.FTN;2
2011.05.13 14:45 A C:\Documents and Settings\dlg8647\My Documents\! BPA EMTP Code\XREF2.FTN <-- Danl DISK10:[EOHCDLG.BPA_EMTP_CODE] XREF2.FTN;2
2011.05.13 14:45 A C:\Documents and Settings\dlg8647\My Documents\! BPA EMTP Code\CALC.FTN <-- Danl DISK10:[EOHCDLG.BPA_EMTP_CODE] CALC.FTN;3
2011.05.13 14:45 A C:\Documents and Settings\dlg8647\My Documents\! BPA EMTP Code\CALSTO.FTN <-- Danl DISK10:[EOHCDLG.BPA_EMTP_CODE] CALSTO.FTN;3
2011.05.13 14:45 A C:\Documents and Settings\dlg8647\My Documents\! BPA EMTP Code\DATA.FTN <-- Danl DISK10:[EOHCDLG.BPA_EMTP_CODE] DATA.FTN;3
2011.05.13 14:45 A C:\Documents and Settings\dlg8647\My Documents\! BPA EMTP Code\NTACS1.FTN <-- Danl DISK10:[EOHCDLG.BPA_EMTP_CODE] NTACS1.FTN;3
2011.05.13 14:45 A C:\Documents and Settings\dlg8647\My Documents\! BPA EMTP Code\NTACS1A.FTN <-- Danl DISK10:[EOHCDLG.BPA_EMTP_CODE] NTACS1A.FTN;3
2011.05.13 14:45 A C:\Documents and Settings\dlg8647\My Documents\! BPA EMTP Code\NTACS3.FTN <-- Danl DISK10:[EOHCDLG.BPA_EMTP_CODE] NTACS3.FTN;3
2011.05.13 14:45 A C:\Documents and Settings\dlg8647\My Documents\! BPA EMTP Code\PSTMT.FTN <-- Danl DISK10:[EOHCDLG.BPA_EMTP_CODE] PSTMT.FTN;3
2011.05.13 14:45 A C:\Documents and Settings\dlg8647\My Documents\! BPA EMTP Code\PUSE.FTN <-- Danl DISK10:[EOHCDLG.BPA_EMTP_CODE] PUSE.FTN;3
2011.05.13 14:45 A C:\Documents and Settings\dlg8647\My Documents\! BPA EMTP Code\SYNSTP.FTN <-- Danl DISK10:[EOHCDLG.BPA_EMTP_CODE] SYNSTP.FTN;3
2011.05.13 14:45 A C:\Documents and Settings\dlg8647\My Documents\! BPA EMTP Code\USE2.FTN <-- Danl DISK10:[EOHCDLG.BPA_EMTP_CODE] USE2.FTN;3
2011.05.13 14:45 A C:\Documents and Settings\dlg8647\My Documents\! BPA EMTP Code\XPR1.FTN <-- Danl DISK10:[EOHCDLG.BPA_EMTP_CODE] XPR1.FTN;3
2011.05.13 14:45 A C:\Documents and Settings\dlg8647\My Documents\! BPA EMTP Code\BUILD2.FTN <-- Danl DISK10:[EOHCDLG.BPA_EMTP_CODE] BUILD2.FTN;4
2011.05.13 14:45 A C:\Documents and Settings\dlg8647\My Documents\! BPA EMTP Code\INIT.FTN <-- Danl DISK10:[EOHCDLG.BPA_EMTP_CODE] INIT.FTN;4
2011.05.13 14:45 A C:\Documents and Settings\dlg8647\My Documents\! BPA EMTP Code\USE1.FTN <-- Danl DISK10:[EOHCDLG.BPA_EMTP_CODE] USE1.FTN;4
2011.05.13 14:45 A C:\Documents and Settings\dlg8647\My Documents\! BPA EMTP Code\COMB.FTN <-- Danl DISK10:[EOHCDLG.BPA_EMTP_CODE] COMB.FTN;5
2011.05.13 14:45 A C:\Documents and Settings\dlg8647\My Documents\! BPA EMTP Code\ELEC.FTN <-- Danl DISK10:[EOHCDLG.BPA_EMTP_CODE] ELEC.FTN;5
2011.05.13 14:45 A C:\Documents and Settings\dlg8647\My Documents\! BPA EMTP Code\PTACS.FTN <-- Danl DISK10:[EOHCDLG.BPA_EMTP_CODE] PTACS.FTN;5
2011.05.13 14:45 A C:\Documents and Settings\dlg8647\My Documents\! BPA EMTP Code\XPR2.FTN <-- Danl DISK10:[EOHCDLG.BPA_EMTP_CODE] XPR2.FTN;5
2011.05.13 14:45 A C:\Documents and Settings\dlg8647\My Documents\! BPA EMTP Code\NTACS1B.FTN <-- Danl DISK10:[EOHCDLG.BPA_EMTP_CODE] NTACS1B.FTN;6
2011.05.13 14:45 A C:\Documents and Settings\dlg8647\My Documents\! BPA EMTP Code\NTACS2.FTN <-- Danl DISK10:[EOHCDLG.BPA_EMTP_CODE] NTACS2.FTN;7
2011.05.13 14:45 A C:\Documents and Settings\dlg8647\My Documents\! BPA EMTP Code\TREAD.FTN <-- Danl DISK10:[EOHCDLG.BPA_EMTP_CODE] TREAD.FTN;7
2011.05.13 14:45 A C:\Documents and Settings\dlg8647\My Documents\! BPA EMTP Code\LABCOM.INS <-- Danl DISK10:[EOHCDLG.BPA_EMTP_CODE] LABCOM.INS;1
2011.05.13 14:45 A C:\Documents and Settings\dlg8647\My Documents\! BPA EMTP Code\BLKCOM.INS <-- Danl DISK10:[EOHCDLG.BPA_EMTP_CODE] BLKCOM.INS;2
2011.05.13 14:45 A C:\Documents and Settings\dlg8647\My Documents\! BPA EMTP Code\TACSTO.INS <-- Danl DISK10:[EOHCDLG.BPA_EMTP_CODE] TACSTO.INS;7
2011.05.13 14:45 A C:\Documents and Settings\dlg8647\My Documents\! BPA EMTP Code\COMPILE.LOG <-- Danl DISK10:[EOHCDLG.BPA_EMTP_CODE] COMPILE.LOG;4
2011.05.13 14:45 A C:\Documents and Settings\dlg8647\My Documents\! BPA EMTP Code\INCLUDE.OUT <-- Danl DISK10:[EOHCDLG.BPA_EMTP_CODE] INCLUDE.OUT;3
2011.05.13 14:45 A C:\Documents and Settings\dlg8647\My Documents\! BPA EMTP Code\INCLUDE.SRT <-- Danl DISK10:[EOHCDLG.BPA_EMTP_CODE] INCLUDE.SRT;2
